{
  "stats": {
    "suites": 1,
    "tests": 4,
    "passes": 4,
    "pending": 0,
    "failures": 0,
    "start": "2024-08-17T13:34:34.508Z",
    "end": "2024-08-17T13:34:36.233Z",
    "duration": 1725,
    "testsRegistered": 4,
    "passPercent": 100,
    "pendingPercent": 0,
    "other": 0,
    "hasOther": false,
    "skipped": 0,
    "hasSkipped": false
  },
  "results": [
    {
      "uuid": "6d6e4c86-c0fd-4986-9ff7-ea1c1b91c14c",
      "title": "",
      "fullFile": "C:\\Users\\Restriana H Oktalasa\\api-automation-ds-batch5\\test\\test-api.js",
      "file": "\\test\\test-api.js",
      "beforeHooks": [],
      "afterHooks": [],
      "tests": [],
      "suites": [
        {
          "uuid": "56aecbfe-a424-44e2-8b41-b7f157481923",
          "title": "API Automation Tests",
          "fullFile": "C:\\Users\\Restriana H Oktalasa\\api-automation-ds-batch5\\test\\test-api.js",
          "file": "\\test\\test-api.js",
          "beforeHooks": [],
          "afterHooks": [],
          "tests": [
            {
              "title": "GET /users/2 - Verify user details",
              "fullTitle": "API Automation Tests GET /users/2 - Verify user details",
              "timedOut": false,
              "duration": 242,
              "state": "passed",
              "speed": "slow",
              "pass": true,
              "fail": false,
              "pending": false,
              "context": null,
              "code": "const response = await request.get('/api/users/2');\nassert.equal(response.status, 200);\nassert.jsonSchema(response.body, getSchema);",
              "err": {},
              "uuid": "25c1bbf5-648d-4816-9b46-36d7d5488131",
              "parentUUID": "56aecbfe-a424-44e2-8b41-b7f157481923",
              "isHook": false,
              "skipped": false
            },
            {
              "title": "POST /users - Create a new user",
              "fullTitle": "API Automation Tests POST /users - Create a new user",
              "timedOut": false,
              "duration": 453,
              "state": "passed",
              "speed": "slow",
              "pass": true,
              "fail": false,
              "pending": false,
              "context": null,
              "code": "const response = await request.post('/api/users')\n.send({ name: 'John Doe', job: 'leader' });\nassert.equal(response.status, 201);\nassert.jsonSchema(response.body, postSchema);",
              "err": {},
              "uuid": "3a7b9821-ee29-43fb-bc6d-e6d1abbf84b7",
              "parentUUID": "56aecbfe-a424-44e2-8b41-b7f157481923",
              "isHook": false,
              "skipped": false
            },
            {
              "title": "PUT /users/2 - Update user details",
              "fullTitle": "API Automation Tests PUT /users/2 - Update user details",
              "timedOut": false,
              "duration": 512,
              "state": "passed",
              "speed": "slow",
              "pass": true,
              "fail": false,
              "pending": false,
              "context": null,
              "code": "const response = await request.put('/api/users/2')\n.send({ name: 'Jane Doe', job: 'zion resident' });\nassert.equal(response.status, 200);\nassert.jsonSchema(response.body, putSchema);",
              "err": {},
              "uuid": "29ac22f1-271c-46d0-98d5-827633ceb6d4",
              "parentUUID": "56aecbfe-a424-44e2-8b41-b7f157481923",
              "isHook": false,
              "skipped": false
            },
            {
              "title": "DELETE /users/2 - Delete user",
              "fullTitle": "API Automation Tests DELETE /users/2 - Delete user",
              "timedOut": false,
              "duration": 505,
              "state": "passed",
              "speed": "slow",
              "pass": true,
              "fail": false,
              "pending": false,
              "context": null,
              "code": "const response = await request.delete('/api/users/2');\nassert.equal(response.status, 204);\nassert.jsonSchema(response.body, deleteSchema);",
              "err": {},
              "uuid": "5d537dc9-e5a8-4c08-a143-d3092e25ba65",
              "parentUUID": "56aecbfe-a424-44e2-8b41-b7f157481923",
              "isHook": false,
              "skipped": false
            }
          ],
          "suites": [],
          "passes": [
            "25c1bbf5-648d-4816-9b46-36d7d5488131",
            "3a7b9821-ee29-43fb-bc6d-e6d1abbf84b7",
            "29ac22f1-271c-46d0-98d5-827633ceb6d4",
            "5d537dc9-e5a8-4c08-a143-d3092e25ba65"
          ],
          "failures": [],
          "pending": [],
          "skipped": [],
          "duration": 1712,
          "root": false,
          "rootEmpty": false,
          "_timeout": 2000
        }
      ],
      "passes": [],
      "failures": [],
      "pending": [],
      "skipped": [],
      "duration": 0,
      "root": true,
      "rootEmpty": true,
      "_timeout": 2000
    }
  ],
  "meta": {
    "mocha": {
      "version": "10.7.3"
    },
    "mochawesome": {
      "options": {
        "quiet": false,
        "reportFilename": "mochawesome",
        "saveHtml": true,
        "saveJson": true,
        "consoleReporter": "spec",
        "useInlineDiffs": false,
        "code": true
      },
      "version": "7.1.3"
    },
    "marge": {
      "options": null,
      "version": "6.2.0"
    }
  }
}